
**** Build of configuration Debug for project MPPT_Proto_8 ****

"C:\\ti\\ccsv8\\utils\\bin\\gmake" -k -j 4 all -O 
 
Building file: "../main.c"
Invoking: C2000 Compiler
"C:/ti/ccsv8/tools/compiler/ti-cgt-c2000_18.1.3.LTS/bin/cl2000" -v28 -ml -mt --include_path="C:/Users/Curtis/Documents/Sustaingineering/MPPT_Firmware/MPPT_Proto_8" --include_path="C:/ti/ccsv8/tools/compiler/ti-cgt-c2000_18.1.3.LTS/include" -g --diag_warning=225 --diag_wrap=off --display_error_number --preproc_with_compile --preproc_dependency="main.d_raw"  "../main.c"
 
>> Compilation failure
subdir_rules.mk:9: recipe for target 'main.obj' failed
"../main.c", line 7: fatal error #1965: cannot open source file "DSP28x_Project.h"
1 catastrophic error detected in the compilation of "../main.c".
Compilation terminated.
gmake: *** [main.obj] Error 1
Building file: "../sensors.c"
Invoking: C2000 Compiler
"C:/ti/ccsv8/tools/compiler/ti-cgt-c2000_18.1.3.LTS/bin/cl2000" -v28 -ml -mt --include_path="C:/Users/Curtis/Documents/Sustaingineering/MPPT_Firmware/MPPT_Proto_8" --include_path="C:/ti/ccsv8/tools/compiler/ti-cgt-c2000_18.1.3.LTS/include" -g --diag_warning=225 --diag_wrap=off --display_error_number --preproc_with_compile --preproc_dependency="sensors.d_raw"  "../sensors.c"
Finished building: "../sensors.c"
 
Building file: "../mppt.c"
Invoking: C2000 Compiler
"C:/ti/ccsv8/tools/compiler/ti-cgt-c2000_18.1.3.LTS/bin/cl2000" -v28 -ml -mt --include_path="C:/Users/Curtis/Documents/Sustaingineering/MPPT_Firmware/MPPT_Proto_8" --include_path="C:/ti/ccsv8/tools/compiler/ti-cgt-c2000_18.1.3.LTS/include" -g --diag_warning=225 --diag_wrap=off --display_error_number --preproc_with_compile --preproc_dependency="mppt.d_raw"  "../mppt.c"
Finished building: "../mppt.c"
 
gmake: Target 'all' not remade because of errors.

**** Build Finished ****
